<?xml version="1.0" encoding="UTF-8"?>
<!-- Generated by org.testng.reporters.JUnitReportReporter -->
<testsuite hostname="DESKTOP-1MJ0DPP" failures="0" tests="2" name="TestNG.Ex_EmailableReport" time="0.019" errors="0" timestamp="2023-06-06T11:43:22 IST" skipped="0">
  <testcase classname="TestNG.Ex_EmailableReport" name="TC2" time="0.002"/>
  <system-out>
    <![CDATA[Tc1 test case]]>
  </system-out>
  <testcase classname="TestNG.Ex_EmailableReport" name="TC1" time="0.017"/>
  <system-out>
    <![CDATA[Tc1 test case]]>
  </system-out>
</testsuite> <!-- TestNG.Ex_EmailableReport -->
