<?xml version="1.0" encoding="UTF-8"?>
<!-- Generated by org.testng.reporters.JUnitReportReporter -->
<testsuite hostname="DESKTOP-1MJ0DPP" failures="0" tests="4" name="TestNG.Ex_Priority2" time="0.027" errors="0" timestamp="2023-06-09T19:02:08 IST" skipped="0">
  <testcase classname="TestNG.Ex_Priority2" name="TC1" time="0.015"/>
  <system-out>
    <![CDATA[Running TC1]]>
  </system-out>
  <testcase classname="TestNG.Ex_Priority2" name="TC2" time="0.003"/>
  <system-out>
    <![CDATA[Running TC2]]>
  </system-out>
  <testcase classname="TestNG.Ex_Priority2" name="TC3" time="0.007"/>
  <system-out>
    <![CDATA[Running TC3]]>
  </system-out>
  <testcase classname="TestNG.Ex_Priority2" name="TC5" time="0.002"/>
  <system-out>
    <![CDATA[Running TC5]]>
  </system-out>
</testsuite> <!-- TestNG.Ex_Priority2 -->
