<?xml version="1.0" encoding="UTF-8"?>
<!-- Generated by org.testng.reporters.JUnitReportReporter -->
<testsuite hostname="DESKTOP-1MJ0DPP" failures="0" tests="3" name="TestNG.Ex_Enabled" time="0.014" errors="0" timestamp="2023-06-09T18:59:38 IST" skipped="2">
  <testcase classname="TestNG.Ex_Enabled" name="TC2" time="0.014"/>
  <system-out>
    <![CDATA[Running TC2]]>
  </system-out>
  <testcase classname="TestNG.Ex_Enabled" name="TC1">
    <skipped/>
  </testcase> <!-- TC1 -->
  <system-out/>
  <testcase classname="TestNG.Ex_Enabled" name="TC3">
    <skipped/>
  </testcase> <!-- TC3 -->
  <system-out/>
</testsuite> <!-- TestNG.Ex_Enabled -->
