<?xml version="1.0" encoding="UTF-8"?>
<!-- Generated by org.testng.reporters.JUnitReportReporter -->
<testsuite hostname="DESKTOP-1MJ0DPP" failures="0" tests="3" name="TestNG.Ex_Grouping2" time="0.007" errors="0" timestamp="2023-06-20T15:18:32 IST" skipped="0">
  <testcase classname="TestNG.Ex_Grouping2" name="TC3" time="0.003"/>
  <system-out>
    <![CDATA[Running TC3]]>
  </system-out>
  <testcase classname="TestNG.Ex_Grouping2" name="TC1" time="0.002"/>
  <system-out>
    <![CDATA[Running TC1]]>
  </system-out>
  <testcase classname="TestNG.Ex_Grouping2" name="TC2" time="0.002"/>
  <system-out>
    <![CDATA[Running TC2]]>
  </system-out>
</testsuite> <!-- TestNG.Ex_Grouping2 -->
