<?xml version="1.0" encoding="UTF-8"?>
<!-- Generated by org.testng.reporters.JUnitReportReporter -->
<testsuite hostname="DESKTOP-1MJ0DPP" failures="0" tests="1" name="TestNG.Ex_Parallel2" time="10.180" errors="0" timestamp="2023-06-29T16:01:47 IST" skipped="0">
  <testcase classname="TestNG.Ex_Parallel2" name="openGoogleBrowser" time="10.180"/>
  <system-out/>
</testsuite> <!-- TestNG.Ex_Parallel2 -->
