<?xml version="1.0" encoding="UTF-8"?>
<!-- Generated by org.testng.reporters.JUnitReportReporter -->
<testsuite hostname="DESKTOP-1MJ0DPP" failures="0" tests="2" name="TestNG.Ex_Annotations" time="0.026" errors="0" timestamp="2023-06-09T18:50:04 IST" skipped="0">
  <testcase classname="TestNG.Ex_Annotations" name="verifyFullName1" time="0.007"/>
  <system-out>
    <![CDATA[Verify Full Name]]>
  </system-out>
  <testcase classname="TestNG.Ex_Annotations" name="verifyAddress2" time="0.019"/>
  <system-out>
    <![CDATA[Verify Address]]>
  </system-out>
</testsuite> <!-- TestNG.Ex_Annotations -->
