<?xml version="1.0" encoding="UTF-8"?>
<!-- Generated by org.testng.reporters.JUnitReportReporter -->
<testsuite hostname="DESKTOP-1MJ0DPP" failures="0" tests="1" name="POM_DDF_TestNG.PBLoginTest2" time="22.041" errors="0" timestamp="2023-06-20T12:08:30 IST" skipped="0">
  <testcase classname="POM_DDF_TestNG.PBLoginTest2" name="VerifyFullName" time="22.041"/>
  <system-out/>
</testsuite> <!-- POM_DDF_TestNG.PBLoginTest2 -->
