<?xml version="1.0" encoding="UTF-8"?>
<!-- Generated by org.testng.reporters.JUnitReportReporter -->
<testsuite hostname="DESKTOP-1MJ0DPP" failures="0" tests="5" name="TestNG.Ex_Priority" time="0.034" errors="0" timestamp="2023-06-09T18:57:30 IST" skipped="0">
  <testcase classname="TestNG.Ex_Priority" name="TC2" time="0.015"/>
  <system-out>
    <![CDATA[Running TC2]]>
  </system-out>
  <testcase classname="TestNG.Ex_Priority" name="TC3" time="0.002"/>
  <system-out>
    <![CDATA[Running TC3]]>
  </system-out>
  <testcase classname="TestNG.Ex_Priority" name="TC5" time="0.006"/>
  <system-out>
    <![CDATA[Running TC5]]>
  </system-out>
  <testcase classname="TestNG.Ex_Priority" name="TC1" time="0.003"/>
  <system-out>
    <![CDATA[Running TC1]]>
  </system-out>
  <testcase classname="TestNG.Ex_Priority" name="TC4" time="0.008"/>
  <system-out>
    <![CDATA[Running TC5]]>
  </system-out>
</testsuite> <!-- TestNG.Ex_Priority -->
